0 verbose cli D:\nodejs\node.exe D:\nodejs\node_modules\npm\bin\npm-cli.js
1 info using npm@10.8.2
2 info using node@v18.20.7
3 silly config load:file:D:\nodejs\node_modules\npm\npmrc
4 silly config load:file:D:\Git\.npmrc
5 silly config load:file:D:\nodejs\node_global\etc\npmrc
6 verbose title npm uninstall @angular/cli
7 verbose argv "uninstall" "--global" "@angular/cli"
8 verbose logfile logs-max:10 dir:D:\Code\WebPJ\web-pj-front\D;\nodejs\node_cache\_logs\2025-05-16T05_12_57_189Z-
9 verbose logfile D:\Code\WebPJ\web-pj-front\D;\nodejs\node_cache\_logs\2025-05-16T05_12_57_189Z-debug-0.log
10 silly packumentCache heap:2197815296 maxSize:549453824 maxEntrySize:274726912
11 silly logfile done cleaning log files
12 silly idealTree buildDeps
13 silly reify mark retired [
13 silly reify   'D:\\nodejs\\node_global\\node_modules\\@angular\\cli',
13 silly reify   'D:\\nodejs\\node_global\\ng',
13 silly reify   'D:\\nodejs\\node_global\\ng.cmd',
13 silly reify   'D:\\nodejs\\node_global\\ng.ps1'
13 silly reify ]
14 silly reify moves {
14 silly reify   'D:\\nodejs\\node_global\\node_modules\\@angular\\cli': 'D:\\nodejs\\node_global\\node_modules\\@angular\\.cli-KtvDW0Cg',
14 silly reify   'D:\\nodejs\\node_global\\ng': 'D:\\nodejs\\node_global\\.ng-UXxhxzAq',
14 silly reify   'D:\\nodejs\\node_global\\ng.cmd': 'D:\\nodejs\\node_global\\.ng.cmd-fq8ynUFE',
14 silly reify   'D:\\nodejs\\node_global\\ng.ps1': 'D:\\nodejs\\node_global\\.ng.ps1-qP3Zbi6h'
14 silly reify }
15 silly REMOVE node_modules/@angular/cli
16 silly REMOVE node_modules/@angular/cli/node_modules/@pkgjs/parseargs
17 silly REMOVE node_modules/@angular/cli/node_modules/@listr2/prompt-adapter-inquirer
18 silly REMOVE node_modules/@angular/cli/node_modules/@listr2/prompt-adapter-inquirer/node_modules/mute-stream
19 silly REMOVE node_modules/@angular/cli/node_modules/@listr2/prompt-adapter-inquirer/node_modules/@inquirer/type
20 silly REMOVE node_modules/@angular/cli/node_modules/@isaacs/cliui
21 silly REMOVE node_modules/@angular/cli/node_modules/@isaacs/cliui/node_modules/wrap-ansi
22 silly REMOVE node_modules/@angular/cli/node_modules/@isaacs/cliui/node_modules/string-width
23 silly REMOVE node_modules/@angular/cli/node_modules/@isaacs/cliui/node_modules/emoji-regex
24 silly REMOVE node_modules/@angular/cli/node_modules/@isaacs/cliui/node_modules/ansi-styles
25 silly REMOVE node_modules/@angular/cli/node_modules/@yarnpkg/lockfile
26 silly REMOVE node_modules/@angular/cli/node_modules/@tufjs/models
27 silly REMOVE node_modules/@angular/cli/node_modules/@schematics/angular
28 silly REMOVE node_modules/@angular/cli/node_modules/@tufjs/canonical-json
29 silly REMOVE node_modules/@angular/cli/node_modules/@sigstore/verify
30 silly REMOVE node_modules/@angular/cli/node_modules/@sigstore/sign
31 silly REMOVE node_modules/@angular/cli/node_modules/@npmcli/run-script
32 silly REMOVE node_modules/@angular/cli/node_modules/@sigstore/tuf
33 silly REMOVE node_modules/@angular/cli/node_modules/@sigstore/protobuf-specs
34 silly REMOVE node_modules/@angular/cli/node_modules/@sigstore/core
35 silly REMOVE node_modules/@angular/cli/node_modules/@sigstore/bundle
36 silly REMOVE node_modules/@angular/cli/node_modules/@npmcli/redact
37 silly REMOVE node_modules/@angular/cli/node_modules/@npmcli/promise-spawn
38 silly REMOVE node_modules/@angular/cli/node_modules/@npmcli/package-json
39 silly REMOVE node_modules/@angular/cli/node_modules/@npmcli/node-gyp
40 silly REMOVE node_modules/@angular/cli/node_modules/@npmcli/installed-package-contents
41 silly REMOVE node_modules/@angular/cli/node_modules/@npmcli/git
42 silly REMOVE node_modules/@angular/cli/node_modules/@npmcli/fs
43 silly REMOVE node_modules/@angular/cli/node_modules/@isaacs/fs-minipass
44 silly REMOVE node_modules/@angular/cli/node_modules/@npmcli/agent
45 silly REMOVE node_modules/@angular/cli/node_modules/@inquirer/select
46 silly REMOVE node_modules/@angular/cli/node_modules/@inquirer/type
47 silly REMOVE node_modules/@angular/cli/node_modules/@inquirer/rawlist
48 silly REMOVE node_modules/@angular/cli/node_modules/@angular-devkit/core
49 silly REMOVE node_modules/@angular/cli/node_modules/@jridgewell/sourcemap-codec
50 silly REMOVE node_modules/@angular/cli/node_modules/@angular-devkit/schematics
51 silly REMOVE node_modules/@angular/cli/node_modules/@angular-devkit/architect
52 silly REMOVE node_modules/@angular/cli/node_modules/@inquirer/password
53 silly REMOVE node_modules/@angular/cli/node_modules/@inquirer/prompts
54 silly REMOVE node_modules/@angular/cli/node_modules/@inquirer/search
55 silly REMOVE node_modules/@angular/cli/node_modules/@inquirer/number
56 silly REMOVE node_modules/@angular/cli/node_modules/@inquirer/figures
57 silly REMOVE node_modules/@angular/cli/node_modules/@inquirer/expand
58 silly REMOVE node_modules/@angular/cli/node_modules/@inquirer/input
59 silly REMOVE node_modules/@angular/cli/node_modules/@inquirer/core
60 silly REMOVE node_modules/@angular/cli/node_modules/@inquirer/checkbox
61 silly REMOVE node_modules/@angular/cli/node_modules/@inquirer/confirm
62 silly REMOVE node_modules/@angular/cli/node_modules/@inquirer/editor
63 silly REMOVE node_modules/@angular/cli/node_modules/yoctocolors-cjs
64 silly REMOVE node_modules/@angular/cli/node_modules/wrap-ansi-cjs
65 silly REMOVE node_modules/@angular/cli/node_modules/wrap-ansi-cjs/node_modules/strip-ansi
66 silly REMOVE node_modules/@angular/cli/node_modules/wrap-ansi-cjs/node_modules/string-width
67 silly REMOVE node_modules/@angular/cli/node_modules/wrap-ansi-cjs/node_modules/is-fullwidth-code-point
68 silly REMOVE node_modules/@angular/cli/node_modules/wrap-ansi-cjs/node_modules/emoji-regex
69 silly REMOVE node_modules/@angular/cli/node_modules/wrap-ansi-cjs/node_modules/ansi-regex
70 silly REMOVE node_modules/@angular/cli/node_modules/wrap-ansi
71 silly REMOVE node_modules/@angular/cli/node_modules/wrap-ansi/node_modules/string-width
72 silly REMOVE node_modules/@angular/cli/node_modules/wrap-ansi/node_modules/strip-ansi
73 silly REMOVE node_modules/@angular/cli/node_modules/wrap-ansi/node_modules/is-fullwidth-code-point
74 silly REMOVE node_modules/@angular/cli/node_modules/wrap-ansi/node_modules/emoji-regex
75 silly REMOVE node_modules/@angular/cli/node_modules/wrap-ansi/node_modules/ansi-regex
76 silly REMOVE node_modules/@angular/cli/node_modules/wcwidth
77 silly REMOVE node_modules/@angular/cli/node_modules/yargs-parser
78 silly REMOVE node_modules/@angular/cli/node_modules/yargs
79 silly REMOVE node_modules/@angular/cli/node_modules/yargs/node_modules/strip-ansi
80 silly REMOVE node_modules/@angular/cli/node_modules/yargs/node_modules/string-width
81 silly REMOVE node_modules/@angular/cli/node_modules/yargs/node_modules/is-fullwidth-code-point
82 silly REMOVE node_modules/@angular/cli/node_modules/yargs/node_modules/emoji-regex
83 silly REMOVE node_modules/@angular/cli/node_modules/yargs/node_modules/ansi-regex
84 silly REMOVE node_modules/@angular/cli/node_modules/yallist
85 silly REMOVE node_modules/@angular/cli/node_modules/util-deprecate
86 silly REMOVE node_modules/@angular/cli/node_modules/y18n
87 silly REMOVE node_modules/@angular/cli/node_modules/validate-npm-package-license
88 silly REMOVE node_modules/@angular/cli/node_modules/tslib
89 silly REMOVE node_modules/@angular/cli/node_modules/which
90 silly REMOVE node_modules/@angular/cli/node_modules/validate-npm-package-name
91 silly REMOVE node_modules/@angular/cli/node_modules/type-fest
92 silly REMOVE node_modules/@angular/cli/node_modules/tmp
93 silly REMOVE node_modules/@angular/cli/node_modules/supports-preserve-symlinks-flag
94 silly REMOVE node_modules/@angular/cli/node_modules/unique-filename
95 silly REMOVE node_modules/@angular/cli/node_modules/unique-slug
96 silly REMOVE node_modules/@angular/cli/node_modules/tinyglobby
97 silly REMOVE node_modules/@angular/cli/node_modules/tuf-js
98 silly REMOVE node_modules/@angular/cli/node_modules/strip-ansi
99 silly REMOVE node_modules/@angular/cli/node_modules/string_decoder
100 silly REMOVE node_modules/@angular/cli/node_modules/tar
101 silly REMOVE node_modules/@angular/cli/node_modules/tar/node_modules/minizlib
102 silly REMOVE node_modules/@angular/cli/node_modules/tar/node_modules/minizlib/node_modules/minipass
103 silly REMOVE node_modules/@angular/cli/node_modules/tar/node_modules/fs-minipass
104 silly REMOVE node_modules/@angular/cli/node_modules/tar/node_modules/fs-minipass/node_modules/minipass
105 silly REMOVE node_modules/@angular/cli/node_modules/tar/node_modules/minipass
106 silly REMOVE node_modules/@angular/cli/node_modules/symbol-observable
107 silly REMOVE node_modules/@angular/cli/node_modules/strip-ansi-cjs
108 silly REMOVE node_modules/@angular/cli/node_modules/strip-ansi-cjs/node_modules/ansi-regex
109 silly REMOVE node_modules/@angular/cli/node_modules/supports-color
110 silly REMOVE node_modules/@angular/cli/node_modules/string-width
111 silly REMOVE node_modules/@angular/cli/node_modules/spdx-license-ids
112 silly REMOVE node_modules/@angular/cli/node_modules/spdx-expression-parse
113 silly REMOVE node_modules/@angular/cli/node_modules/string-width-cjs
114 silly REMOVE node_modules/@angular/cli/node_modules/string-width-cjs/node_modules/strip-ansi
115 silly REMOVE node_modules/@angular/cli/node_modules/string-width-cjs/node_modules/is-fullwidth-code-point
116 silly REMOVE node_modules/@angular/cli/node_modules/string-width-cjs/node_modules/emoji-regex
117 silly REMOVE node_modules/@angular/cli/node_modules/string-width-cjs/node_modules/ansi-regex
118 silly REMOVE node_modules/@angular/cli/node_modules/spdx-exceptions
119 silly REMOVE node_modules/@angular/cli/node_modules/spdx-correct
120 silly REMOVE node_modules/@angular/cli/node_modules/ssri
121 silly REMOVE node_modules/@angular/cli/node_modules/sprintf-js
122 silly REMOVE node_modules/@angular/cli/node_modules/slice-ansi
123 silly REMOVE node_modules/@angular/cli/node_modules/slice-ansi/node_modules/ansi-styles
124 silly REMOVE node_modules/@angular/cli/node_modules/signal-exit
125 silly REMOVE node_modules/@angular/cli/node_modules/socks-proxy-agent
126 silly REMOVE node_modules/@angular/cli/node_modules/source-map
127 silly REMOVE node_modules/@angular/cli/node_modules/shebang-regex
128 silly REMOVE node_modules/@angular/cli/node_modules/socks
129 silly REMOVE node_modules/@angular/cli/node_modules/smart-buffer
130 silly REMOVE node_modules/@angular/cli/node_modules/shebang-command
131 silly REMOVE node_modules/@angular/cli/node_modules/safe-buffer
132 silly REMOVE node_modules/@angular/cli/node_modules/sigstore
133 silly REMOVE node_modules/@angular/cli/node_modules/restore-cursor
134 silly REMOVE node_modules/@angular/cli/node_modules/readable-stream
135 silly REMOVE node_modules/@angular/cli/node_modules/semver
136 silly REMOVE node_modules/@angular/cli/node_modules/require-from-string
137 silly REMOVE node_modules/@angular/cli/node_modules/safer-buffer
138 silly REMOVE node_modules/@angular/cli/node_modules/package-json-from-dist
139 silly REMOVE node_modules/@angular/cli/node_modules/rxjs
140 silly REMOVE node_modules/@angular/cli/node_modules/rfdc
141 silly REMOVE node_modules/@angular/cli/node_modules/retry
142 silly REMOVE node_modules/@angular/cli/node_modules/resolve
143 silly REMOVE node_modules/@angular/cli/node_modules/promise-retry
144 silly REMOVE node_modules/@angular/cli/node_modules/path-parse
145 silly REMOVE node_modules/@angular/cli/node_modules/require-directory
146 silly REMOVE node_modules/@angular/cli/node_modules/path-key
147 silly REMOVE node_modules/@angular/cli/node_modules/ora
148 silly REMOVE node_modules/@angular/cli/node_modules/ora/node_modules/signal-exit
149 silly REMOVE node_modules/@angular/cli/node_modules/ora/node_modules/strip-ansi
150 silly REMOVE node_modules/@angular/cli/node_modules/ora/node_modules/onetime
151 silly REMOVE node_modules/@angular/cli/node_modules/ora/node_modules/cli-cursor
152 silly REMOVE node_modules/@angular/cli/node_modules/ora/node_modules/restore-cursor
153 silly REMOVE node_modules/@angular/cli/node_modules/ora/node_modules/ansi-regex
154 silly REMOVE node_modules/@angular/cli/node_modules/proc-log
155 silly REMOVE node_modules/@angular/cli/node_modules/picomatch
156 silly REMOVE node_modules/@angular/cli/node_modules/path-scurry
157 silly REMOVE node_modules/@angular/cli/node_modules/p-map
158 silly REMOVE node_modules/@angular/cli/node_modules/pacote
159 silly REMOVE node_modules/@angular/cli/node_modules/onetime
160 silly REMOVE node_modules/@angular/cli/node_modules/os-tmpdir
161 silly REMOVE node_modules/@angular/cli/node_modules/mute-stream
162 silly REMOVE node_modules/@angular/cli/node_modules/nopt
163 silly REMOVE node_modules/@angular/cli/node_modules/node-gyp
164 silly REMOVE node_modules/@angular/cli/node_modules/node-gyp/node_modules/tar
165 silly REMOVE node_modules/@angular/cli/node_modules/node-gyp/node_modules/yallist
166 silly REMOVE node_modules/@angular/cli/node_modules/node-gyp/node_modules/mkdirp
167 silly REMOVE node_modules/@angular/cli/node_modules/node-gyp/node_modules/chownr
168 silly REMOVE node_modules/@angular/cli/node_modules/npm-pick-manifest
169 silly REMOVE node_modules/@angular/cli/node_modules/npm-registry-fetch
170 silly REMOVE node_modules/@angular/cli/node_modules/npm-packlist
171 silly REMOVE node_modules/@angular/cli/node_modules/mimic-function
172 silly REMOVE node_modules/@angular/cli/node_modules/npm-package-arg
173 silly REMOVE node_modules/@angular/cli/node_modules/npm-normalize-package-bin
174 silly REMOVE node_modules/@angular/cli/node_modules/npm-install-checks
175 silly REMOVE node_modules/@angular/cli/node_modules/npm-bundled
176 silly REMOVE node_modules/@angular/cli/node_modules/jackspeak
177 silly REMOVE node_modules/@angular/cli/node_modules/mimic-fn
178 silly REMOVE node_modules/@angular/cli/node_modules/mkdirp
179 silly REMOVE node_modules/@angular/cli/node_modules/negotiator
180 silly REMOVE node_modules/@angular/cli/node_modules/ms
181 silly REMOVE node_modules/@angular/cli/node_modules/minipass-sized
182 silly REMOVE node_modules/@angular/cli/node_modules/minipass-sized/node_modules/minipass
183 silly REMOVE node_modules/@angular/cli/node_modules/minizlib
184 silly REMOVE node_modules/@angular/cli/node_modules/minipass-pipeline
185 silly REMOVE node_modules/@angular/cli/node_modules/minipass-pipeline/node_modules/minipass
186 silly REMOVE node_modules/@angular/cli/node_modules/minipass-flush
187 silly REMOVE node_modules/@angular/cli/node_modules/minipass-flush/node_modules/minipass
188 silly REMOVE node_modules/@angular/cli/node_modules/minipass-fetch
189 silly REMOVE node_modules/@angular/cli/node_modules/minipass-collect
190 silly REMOVE node_modules/@angular/cli/node_modules/log-update
191 silly REMOVE node_modules/@angular/cli/node_modules/log-update/node_modules/slice-ansi
192 silly REMOVE node_modules/@angular/cli/node_modules/log-update/node_modules/is-fullwidth-code-point
193 silly REMOVE node_modules/@angular/cli/node_modules/log-update/node_modules/ansi-styles
194 silly REMOVE node_modules/@angular/cli/node_modules/log-update/node_modules/wrap-ansi
195 silly REMOVE node_modules/@angular/cli/node_modules/log-update/node_modules/ansi-escapes
196 silly REMOVE node_modules/@angular/cli/node_modules/minipass
197 silly REMOVE node_modules/@angular/cli/node_modules/minimatch
198 silly REMOVE node_modules/@angular/cli/node_modules/log-symbols
199 silly REMOVE node_modules/@angular/cli/node_modules/is-unicode-supported
200 silly REMOVE node_modules/@angular/cli/node_modules/make-fetch-happen
201 silly REMOVE node_modules/@angular/cli/node_modules/magic-string
202 silly REMOVE node_modules/@angular/cli/node_modules/lru-cache
203 silly REMOVE node_modules/@angular/cli/node_modules/listr2
204 silly REMOVE node_modules/@angular/cli/node_modules/listr2/node_modules/wrap-ansi
205 silly REMOVE node_modules/@angular/cli/node_modules/listr2/node_modules/ansi-styles
206 silly REMOVE node_modules/@angular/cli/node_modules/jsonparse
207 silly REMOVE node_modules/@angular/cli/node_modules/jsonc-parser
208 silly REMOVE node_modules/@angular/cli/node_modules/json-schema-traverse
209 silly REMOVE node_modules/@angular/cli/node_modules/json-parse-even-better-errors
210 silly REMOVE node_modules/@angular/cli/node_modules/jsbn
211 silly REMOVE node_modules/@angular/cli/node_modules/isexe
212 silly REMOVE node_modules/@angular/cli/node_modules/is-fullwidth-code-point
213 silly REMOVE node_modules/@angular/cli/node_modules/is-interactive
214 silly REMOVE node_modules/@angular/cli/node_modules/inherits
215 silly REMOVE node_modules/@angular/cli/node_modules/ieee754
216 silly REMOVE node_modules/@angular/cli/node_modules/iconv-lite
217 silly REMOVE node_modules/@angular/cli/node_modules/is-core-module
218 silly REMOVE node_modules/@angular/cli/node_modules/get-east-asian-width
219 silly REMOVE node_modules/@angular/cli/node_modules/ip-address
220 silly REMOVE node_modules/@angular/cli/node_modules/ini
221 silly REMOVE node_modules/@angular/cli/node_modules/graceful-fs
222 silly REMOVE node_modules/@angular/cli/node_modules/imurmurhash
223 silly REMOVE node_modules/@angular/cli/node_modules/foreground-child
224 silly REMOVE node_modules/@angular/cli/node_modules/ignore-walk
225 silly REMOVE node_modules/@angular/cli/node_modules/https-proxy-agent
226 silly REMOVE node_modules/@angular/cli/node_modules/http-cache-semantics
227 silly REMOVE node_modules/@angular/cli/node_modules/http-proxy-agent
228 silly REMOVE node_modules/@angular/cli/node_modules/hosted-git-info
229 silly REMOVE node_modules/@angular/cli/node_modules/hasown
230 silly REMOVE node_modules/@angular/cli/node_modules/has-flag
231 silly REMOVE node_modules/@angular/cli/node_modules/glob
232 silly REMOVE node_modules/@angular/cli/node_modules/fs-minipass
233 silly REMOVE node_modules/@angular/cli/node_modules/function-bind
234 silly REMOVE node_modules/@angular/cli/node_modules/get-caller-file
235 silly REMOVE node_modules/@angular/cli/node_modules/fdir
236 silly REMOVE node_modules/@angular/cli/node_modules/external-editor
237 silly REMOVE node_modules/@angular/cli/node_modules/exponential-backoff
238 silly REMOVE node_modules/@angular/cli/node_modules/environment
239 silly REMOVE node_modules/@angular/cli/node_modules/emoji-regex
240 silly REMOVE node_modules/@angular/cli/node_modules/fast-uri
241 silly REMOVE node_modules/@angular/cli/node_modules/fast-deep-equal
242 silly REMOVE node_modules/@angular/cli/node_modules/env-paths
243 silly REMOVE node_modules/@angular/cli/node_modules/err-code
244 silly REMOVE node_modules/@angular/cli/node_modules/escalade
245 silly REMOVE node_modules/@angular/cli/node_modules/eventemitter3
246 silly REMOVE node_modules/@angular/cli/node_modules/eastasianwidth
247 silly REMOVE node_modules/@angular/cli/node_modules/color-name
248 silly REMOVE node_modules/@angular/cli/node_modules/defaults
249 silly REMOVE node_modules/@angular/cli/node_modules/encoding
250 silly REMOVE node_modules/@angular/cli/node_modules/encoding/node_modules/iconv-lite
251 silly REMOVE node_modules/@angular/cli/node_modules/clone
252 silly REMOVE node_modules/@angular/cli/node_modules/cross-spawn
253 silly REMOVE node_modules/@angular/cli/node_modules/cross-spawn/node_modules/which
254 silly REMOVE node_modules/@angular/cli/node_modules/cross-spawn/node_modules/isexe
255 silly REMOVE node_modules/@angular/cli/node_modules/color-convert
256 silly REMOVE node_modules/@angular/cli/node_modules/debug
257 silly REMOVE node_modules/@angular/cli/node_modules/cli-width
258 silly REMOVE node_modules/@angular/cli/node_modules/colorette
259 silly REMOVE node_modules/@angular/cli/node_modules/cliui
260 silly REMOVE node_modules/@angular/cli/node_modules/cliui/node_modules/wrap-ansi
261 silly REMOVE node_modules/@angular/cli/node_modules/cliui/node_modules/strip-ansi
262 silly REMOVE node_modules/@angular/cli/node_modules/cliui/node_modules/string-width
263 silly REMOVE node_modules/@angular/cli/node_modules/cliui/node_modules/is-fullwidth-code-point
264 silly REMOVE node_modules/@angular/cli/node_modules/cliui/node_modules/emoji-regex
265 silly REMOVE node_modules/@angular/cli/node_modules/cliui/node_modules/ansi-regex
266 silly REMOVE node_modules/@angular/cli/node_modules/cli-truncate
267 silly REMOVE node_modules/@angular/cli/node_modules/cli-spinners
268 silly REMOVE node_modules/@angular/cli/node_modules/cli-cursor
269 silly REMOVE node_modules/@angular/cli/node_modules/chardet
270 silly REMOVE node_modules/@angular/cli/node_modules/bl
271 silly REMOVE node_modules/@angular/cli/node_modules/chalk
272 silly REMOVE node_modules/@angular/cli/node_modules/buffer
273 silly REMOVE node_modules/@angular/cli/node_modules/ansi-regex
274 silly REMOVE node_modules/@angular/cli/node_modules/base64-js
275 silly REMOVE node_modules/@angular/cli/node_modules/chownr
276 silly REMOVE node_modules/@angular/cli/node_modules/cacache
277 silly REMOVE node_modules/@angular/cli/node_modules/cacache/node_modules/tar
278 silly REMOVE node_modules/@angular/cli/node_modules/cacache/node_modules/mkdirp
279 silly REMOVE node_modules/@angular/cli/node_modules/cacache/node_modules/chownr
280 silly REMOVE node_modules/@angular/cli/node_modules/cacache/node_modules/yallist
281 silly REMOVE node_modules/@angular/cli/node_modules/brace-expansion
282 silly REMOVE node_modules/@angular/cli/node_modules/ansi-escapes
283 silly REMOVE node_modules/@angular/cli/node_modules/abbrev
284 silly REMOVE node_modules/@angular/cli/node_modules/balanced-match
285 silly REMOVE node_modules/@angular/cli/node_modules/ansi-styles
286 silly REMOVE node_modules/@angular/cli/node_modules/ajv-formats
287 silly REMOVE node_modules/@angular/cli/node_modules/ajv
288 silly REMOVE node_modules/@angular/cli/node_modules/agent-base
289 verbose cwd D:\Code\WebPJ\web-pj-front
290 verbose os Windows_NT 10.0.22631
291 verbose node v18.20.7
292 verbose npm  v10.8.2
293 verbose exit 0
294 info ok
